{"environment":"production","hasJwtSecret":true,"level":"info","message":"AuthMiddleware initialized","service":"campusconnect-server","timestamp":"2025-10-02 13:35:02.554"}
{"environment":"production","level":"info","message":"HealthMonitor initialized","service":"campusconnect-server","startupTime":1759392302557,"timestamp":"2025-10-02 13:35:02.557"}
{"environment":"production","initialPairs":0,"initialQueueSize":0,"level":"info","message":"PairingManager initialized","service":"campusconnect-server","timestamp":"2025-10-02 13:35:02.560"}
{"environment":"production","level":"info","message":"SignalingHandler initialized","rateLimitMax":50,"rateLimitWindow":60000,"service":"campusconnect-server","timestamp":"2025-10-02 13:35:02.561"}
{"environment":"production","level":"info","message":"Proxy configuration","nodeEnv":"production","service":"campusconnect-server","timestamp":"2025-10-02 13:35:02.561","trustProxy":1}
{"environment":"production","level":"info","message":"Middleware setup completed","service":"campusconnect-server","timestamp":"2025-10-02 13:35:02.563"}
{"environment":"production","level":"info","message":"Routes setup completed","service":"campusconnect-server","timestamp":"2025-10-02 13:35:02.564"}
{"environment":"production","level":"info","message":"Socket.IO setup completed","service":"campusconnect-server","timestamp":"2025-10-02 13:35:02.564"}
{"environment":"production","level":"info","message":"CampusConnectServer instance created","pid":8080,"service":"campusconnect-server","timestamp":"2025-10-02 13:35:02.565"}
{"environment":"production","host":"0.0.0.0","level":"info","message":"CampusConnect server started successfully","nodeVersion":"v22.18.0","pid":8080,"port":"3000","service":"campusconnect-server","timestamp":"2025-10-02 13:35:02.576"}
{"email":"parmbeer.aiml24@cmrit.ac.in","environment":"production","level":"info","message":"Signup attempt","service":"campusconnect-server","timestamp":"2025-10-02 13:38:39.617"}
{"authMethod":"jwt","authTime":3,"email":"parmbeer.aiml24@cmrit.ac.in","environment":"production","level":"info","message":"Socket authentication successful","service":"campusconnect-server","socketId":"oVpjDRhHTudiSQ-xAAAB","timestamp":"2025-10-02 13:38:42.517","userId":"70e24e60-7417-43d9-a7d1-403348aa38be"}
{"email":"parmbeer.aiml24@cmrit.ac.in","environment":"production","level":"info","message":"New socket connection established","service":"campusconnect-server","socketId":"oVpjDRhHTudiSQ-xAAAB","timestamp":"2025-10-02 13:38:42.518"}
{"email":"parmbeer.aiml24@cmrit.ac.in","environment":"production","level":"info","message":"User added to pairing queue","position":1,"queueSize":1,"service":"campusconnect-server","socketId":"oVpjDRhHTudiSQ-xAAAB","timestamp":"2025-10-02 13:38:42.518","totalUsers":1}
{"environment":"production","level":"info","message":"Pairing timeout occurred","service":"campusconnect-server","socketId":"oVpjDRhHTudiSQ-xAAAB","timestamp":"2025-10-02 13:39:12.526","wasInQueue":true}
{"environment":"production","level":"info","message":"User notified of pairing timeout","remainingQueue":0,"service":"campusconnect-server","socketId":"oVpjDRhHTudiSQ-xAAAB","timestamp":"2025-10-02 13:39:12.526"}
{"authMethod":"jwt","authTime":1,"email":"parmbeer.aiml24@cmrit.ac.in","environment":"production","level":"info","message":"Socket authentication successful","service":"campusconnect-server","socketId":"Ogcmxd92rJ2e6zKjAAAD","timestamp":"2025-10-02 13:39:21.660","userId":"70e24e60-7417-43d9-a7d1-403348aa38be"}
{"email":"parmbeer.aiml24@cmrit.ac.in","environment":"production","level":"info","message":"New socket connection established","service":"campusconnect-server","socketId":"Ogcmxd92rJ2e6zKjAAAD","timestamp":"2025-10-02 13:39:21.661"}
{"email":"parmbeer.aiml24@cmrit.ac.in","environment":"production","level":"info","message":"User added to pairing queue","position":1,"queueSize":1,"service":"campusconnect-server","socketId":"Ogcmxd92rJ2e6zKjAAAD","timestamp":"2025-10-02 13:39:21.661","totalUsers":1}
{"email":"parmbeer.aiml24@cmrit.ac.in","environment":"production","level":"info","message":"Socket disconnected","reason":"client namespace disconnect","service":"campusconnect-server","socketId":"Ogcmxd92rJ2e6zKjAAAD","timestamp":"2025-10-02 13:39:39.738"}
{"email":"parmbeer.aiml24@cmrit.ac.in","environment":"production","level":"info","message":"Socket disconnected","reason":"client namespace disconnect","service":"campusconnect-server","socketId":"oVpjDRhHTudiSQ-xAAAB","timestamp":"2025-10-02 13:39:41.582"}
{"email":"parmbeer.aiml24@cmrit.ac.in","environment":"production","level":"info","message":"Login attempt","service":"campusconnect-server","timestamp":"2025-10-02 13:40:00.767"}
{"email":"parmbeer.aiml24@cmrit.ac.in","environment":"production","level":"info","message":"User logged in successfully","service":"campusconnect-server","timestamp":"2025-10-02 13:40:01.076","userId":"70e24e60-7417-43d9-a7d1-403348aa38be"}
{"authMethod":"jwt","authTime":1,"email":"parmbeer.aiml24@cmrit.ac.in","environment":"production","level":"info","message":"Socket authentication successful","service":"campusconnect-server","socketId":"uSEvgdpjDKzyPLAKAAAF","timestamp":"2025-10-02 13:40:02.717","userId":"70e24e60-7417-43d9-a7d1-403348aa38be"}
{"email":"parmbeer.aiml24@cmrit.ac.in","environment":"production","level":"info","message":"New socket connection established","service":"campusconnect-server","socketId":"uSEvgdpjDKzyPLAKAAAF","timestamp":"2025-10-02 13:40:02.718"}
{"email":"parmbeer.aiml24@cmrit.ac.in","environment":"production","level":"info","message":"User added to pairing queue","position":1,"queueSize":1,"service":"campusconnect-server","socketId":"uSEvgdpjDKzyPLAKAAAF","timestamp":"2025-10-02 13:40:02.718","totalUsers":1}
{"environment":"production","error":"logger.warning is not a function","level":"error","message":"Database health check error","service":"campusconnect-server","timestamp":"2025-10-02 13:40:02.904"}
{"environment":"production","error":"logger.warning is not a function","level":"error","message":"Database health check error","service":"campusconnect-server","timestamp":"2025-10-02 13:40:02.996"}
{"environment":"production","error":"logger.warning is not a function","level":"error","message":"Periodic health check failed","service":"campusconnect-server","timestamp":"2025-10-02 13:40:02.996"}
{"environment":"production","level":"info","message":"Pairing timeout occurred","service":"campusconnect-server","socketId":"uSEvgdpjDKzyPLAKAAAF","timestamp":"2025-10-02 13:40:32.729","wasInQueue":true}
{"environment":"production","level":"info","message":"User notified of pairing timeout","remainingQueue":0,"service":"campusconnect-server","socketId":"uSEvgdpjDKzyPLAKAAAF","timestamp":"2025-10-02 13:40:32.731"}
{"environment":"production","error":"logger.warning is not a function","level":"error","message":"Database health check error","service":"campusconnect-server","timestamp":"2025-10-02 13:45:03.046"}
{"environment":"production","error":"logger.warning is not a function","level":"error","message":"Database health check error","service":"campusconnect-server","timestamp":"2025-10-02 13:45:03.137"}
{"environment":"production","error":"logger.warning is not a function","level":"error","message":"Periodic health check failed","service":"campusconnect-server","timestamp":"2025-10-02 13:45:03.137"}
{"environment":"production","error":"logger.warning is not a function","level":"error","message":"Database health check error","service":"campusconnect-server","timestamp":"2025-10-02 13:50:02.989"}
{"environment":"production","error":"logger.warning is not a function","level":"error","message":"Database health check error","service":"campusconnect-server","timestamp":"2025-10-02 13:50:03.082"}
{"environment":"production","error":"logger.warning is not a function","level":"error","message":"Periodic health check failed","service":"campusconnect-server","timestamp":"2025-10-02 13:50:03.082"}
{"environment":"production","error":"logger.warning is not a function","level":"error","message":"Database health check error","service":"campusconnect-server","timestamp":"2025-10-02 13:55:03.066"}
{"environment":"production","error":"logger.warning is not a function","level":"error","message":"Database health check error","service":"campusconnect-server","timestamp":"2025-10-02 13:55:03.169"}
{"environment":"production","error":"logger.warning is not a function","level":"error","message":"Periodic health check failed","service":"campusconnect-server","timestamp":"2025-10-02 13:55:03.169"}
{"environment":"production","error":"logger.warning is not a function","level":"error","message":"Database health check error","service":"campusconnect-server","timestamp":"2025-10-02 14:00:03.081"}
{"environment":"production","error":"logger.warning is not a function","level":"error","message":"Database health check error","service":"campusconnect-server","timestamp":"2025-10-02 14:00:03.166"}
{"environment":"production","error":"logger.warning is not a function","level":"error","message":"Periodic health check failed","service":"campusconnect-server","timestamp":"2025-10-02 14:00:03.167"}
{"environment":"production","level":"info","message":"Received SIGINT, shutting down gracefully...","service":"campusconnect-server","timestamp":"2025-10-02 14:00:15.915"}
{"email":"parmbeer.aiml24@cmrit.ac.in","environment":"production","level":"info","message":"Socket disconnected","reason":"server shutting down","service":"campusconnect-server","socketId":"uSEvgdpjDKzyPLAKAAAF","timestamp":"2025-10-02 14:00:15.916"}
{"environment":"production","level":"info","message":"HTTP server closed","service":"campusconnect-server","timestamp":"2025-10-02 14:00:15.917"}
{"environment":"production","hasJwtSecret":true,"level":"info","message":"AuthMiddleware initialized","service":"campusconnect-server","timestamp":"2025-10-02 14:00:21.601"}
{"environment":"production","initialPairs":0,"initialQueueSize":0,"level":"info","message":"PairingManager initialized","service":"campusconnect-server","timestamp":"2025-10-02 14:00:21.607"}
{"environment":"production","level":"info","message":"SignalingHandler initialized","rateLimitMax":50,"rateLimitWindow":60000,"service":"campusconnect-server","timestamp":"2025-10-02 14:00:21.608"}
{"environment":"production","level":"info","message":"Proxy configuration","nodeEnv":"production","service":"campusconnect-server","timestamp":"2025-10-02 14:00:21.608","trustProxy":1}
{"environment":"production","level":"info","message":"Middleware setup completed","service":"campusconnect-server","timestamp":"2025-10-02 14:00:21.610"}
{"environment":"production","level":"info","message":"Routes setup completed","service":"campusconnect-server","timestamp":"2025-10-02 14:00:21.611"}
{"environment":"production","level":"info","message":"Socket.IO setup completed","service":"campusconnect-server","timestamp":"2025-10-02 14:00:21.611"}
{"environment":"production","level":"info","message":"CampusConnectServer instance created","pid":11916,"service":"campusconnect-server","timestamp":"2025-10-02 14:00:21.612"}
{"environment":"production","host":"0.0.0.0","level":"info","message":"CampusConnect server started successfully","nodeVersion":"v22.18.0","pid":11916,"port":"3000","service":"campusconnect-server","timestamp":"2025-10-02 14:00:21.624"}
{"authMethod":"jwt","authTime":2,"email":"parmbeer.aiml24@cmrit.ac.in","environment":"production","level":"info","message":"Socket authentication successful","service":"campusconnect-server","socketId":"8XttDtA2xgNNxCOaAAAB","timestamp":"2025-10-02 14:00:21.771","userId":"70e24e60-7417-43d9-a7d1-403348aa38be"}
{"email":"parmbeer.aiml24@cmrit.ac.in","environment":"production","level":"info","message":"New socket connection established","service":"campusconnect-server","socketId":"8XttDtA2xgNNxCOaAAAB","timestamp":"2025-10-02 14:00:21.772"}
{"email":"parmbeer.aiml24@cmrit.ac.in","environment":"production","level":"info","message":"User added to pairing queue","position":1,"queueSize":1,"service":"campusconnect-server","socketId":"8XttDtA2xgNNxCOaAAAB","timestamp":"2025-10-02 14:00:21.772","totalUsers":1}
{"email":"parmbeer.aiml24@cmrit.ac.in","environment":"production","level":"info","message":"Socket disconnected","reason":"client namespace disconnect","service":"campusconnect-server","socketId":"8XttDtA2xgNNxCOaAAAB","timestamp":"2025-10-02 14:00:25.791"}
{"environment":"production","level":"info","message":"Received SIGINT, shutting down gracefully...","service":"campusconnect-server","timestamp":"2025-10-02 14:16:07.827"}
{"environment":"production","hasJwtSecret":true,"level":"info","message":"AuthMiddleware initialized","service":"campusconnect-server","timestamp":"2025-10-02 14:16:12.732"}
{"environment":"production","initialPairs":0,"initialQueueSize":0,"level":"info","message":"PairingManager initialized","service":"campusconnect-server","timestamp":"2025-10-02 14:16:12.738"}
{"environment":"production","level":"info","message":"SignalingHandler initialized","rateLimitMax":50,"rateLimitWindow":60000,"service":"campusconnect-server","timestamp":"2025-10-02 14:16:12.739"}
{"environment":"production","level":"info","message":"Proxy configuration","nodeEnv":"production","service":"campusconnect-server","timestamp":"2025-10-02 14:16:12.739","trustProxy":1}
{"environment":"production","level":"info","message":"Middleware setup completed","service":"campusconnect-server","timestamp":"2025-10-02 14:16:12.741"}
{"environment":"production","level":"info","message":"Routes setup completed","service":"campusconnect-server","timestamp":"2025-10-02 14:16:12.742"}
{"environment":"production","level":"info","message":"Socket.IO setup completed","service":"campusconnect-server","timestamp":"2025-10-02 14:16:12.742"}
{"environment":"production","level":"info","message":"CampusConnectServer instance created","pid":15828,"service":"campusconnect-server","timestamp":"2025-10-02 14:16:12.743"}
{"environment":"production","host":"0.0.0.0","level":"info","message":"CampusConnect server started successfully","nodeVersion":"v22.18.0","pid":15828,"port":"3000","service":"campusconnect-server","timestamp":"2025-10-02 14:16:12.753"}
